-------------------------------------------------------------------------------
Test set: ca.utoronto.utm.mcs.DaggerTests
-------------------------------------------------------------------------------
Tests run: 12, Failures: 2, Errors: 4, Skipped: 0, Time elapsed: 0.099 s <<< FAILURE! - in ca.utoronto.utm.mcs.DaggerTests
checkIfProvidesHttpServerMethodExistsInServerModule  Time elapsed: 0.005 s  <<< FAILURE!
org.opentest4j.AssertionFailedError: expected: not <null>
	at ca.utoronto.utm.mcs.DaggerTests$provideHttpServerTests.checkIfProvidesHttpServerMethodExistsInServerModule(DaggerTests.java:125)

checkIfProvidesHttpServerMethodHasProvidesAnnotation  Time elapsed: 0.015 s  <<< ERROR!
java.lang.NullPointerException: Cannot invoke "java.lang.reflect.Method.getAnnotation(java.lang.Class)" because "provideHttpServerMethod" is null
	at ca.utoronto.utm.mcs.DaggerTests$provideHttpServerTests.checkIfProvidesHttpServerMethodHasProvidesAnnotation(DaggerTests.java:136)

checkIfProvidesHttpServerMethodReturnsHttpServerObject  Time elapsed: 0.005 s  <<< ERROR!
java.lang.NullPointerException: Cannot invoke "java.lang.reflect.Method.getReturnType()" because "provideHttpServerMethod" is null
	at ca.utoronto.utm.mcs.DaggerTests$provideHttpServerTests.checkIfProvidesHttpServerMethodReturnsHttpServerObject(DaggerTests.java:148)

checkIfProvideDriverMethodHasProvidesAnnotation  Time elapsed: 0.004 s  <<< ERROR!
java.lang.NullPointerException: Cannot invoke "java.lang.reflect.Method.getAnnotation(java.lang.Class)" because "provideDriverMethod" is null
	at ca.utoronto.utm.mcs.DaggerTests$provideDriverTests.checkIfProvideDriverMethodHasProvidesAnnotation(DaggerTests.java:43)

checkIfProvideDriverMethodReturnsDriverObject  Time elapsed: 0.001 s  <<< ERROR!
java.lang.NullPointerException: Cannot invoke "java.lang.reflect.Method.getReturnType()" because "provideDriverMethod" is null
	at ca.utoronto.utm.mcs.DaggerTests$provideDriverTests.checkIfProvideDriverMethodReturnsDriverObject(DaggerTests.java:55)

checkIfProvideDriverMethodExistsInReqHandlerModule  Time elapsed: 0.005 s  <<< FAILURE!
org.opentest4j.AssertionFailedError: expected: not <null>
	at ca.utoronto.utm.mcs.DaggerTests$provideDriverTests.checkIfProvideDriverMethodExistsInReqHandlerModule(DaggerTests.java:32)

