<?xml version="1.0" encoding="UTF-8"?>
<testsuite xmlns:xsi="http://www.w3.org/2001/XMLSchema-instance" xsi:noNamespaceSchemaLocation="https://maven.apache.org/surefire/maven-surefire-plugin/xsd/surefire-test-report.xsd" name="ca.utoronto.utm.mcs.AppTest" time="1.629" tests="4" errors="0" skipped="0" failures="0">
  <properties>
[...]
</properties>
  <testcase name="addActorFail" classname="ca.utoronto.utm.mcs.AppTest" time="0.422"/>
  <testcase name="addActorPass" classname="ca.utoronto.utm.mcs.AppTest" time="0.166"/>
  <testcase name="addMovieFail" classname="ca.utoronto.utm.mcs.AppTest" time="0.031"/>
  <testcase name="addMoviePass" classname="ca.utoronto.utm.mcs.AppTest" time="0.407"/>
</testsuite>