<?xml version="1.0" encoding="UTF-8"?>
<testsuite xmlns:xsi="http://www.w3.org/2001/XMLSchema-instance" xsi:noNamespaceSchemaLocation="https://maven.apache.org/surefire/maven-surefire-plugin/xsd/surefire-test-report.xsd" name="ca.utoronto.utm.mcs.AppTest" time="3.393" tests="16" errors="0" skipped="0" failures="0">
  <properties>
[...]
</properties>
  <testcase name="computeBaconPathFail" classname="ca.utoronto.utm.mcs.AppTest" time="0.936"/>
  <testcase name="computeBaconPathPass" classname="ca.utoronto.utm.mcs.AppTest" time="0.247"/>
  <testcase name="addRelationshipFail" classname="ca.utoronto.utm.mcs.AppTest" time="0.034"/>
  <testcase name="addRelationshipPass" classname="ca.utoronto.utm.mcs.AppTest" time="0.18"/>
  <testcase name="hasRelationshipFail" classname="ca.utoronto.utm.mcs.AppTest" time="0.021"/>
  <testcase name="hasRelationshipPass" classname="ca.utoronto.utm.mcs.AppTest" time="0.139"/>
  <testcase name="addActorFail" classname="ca.utoronto.utm.mcs.AppTest" time="0.013"/>
  <testcase name="addActorPass" classname="ca.utoronto.utm.mcs.AppTest" time="0.067"/>
  <testcase name="getActorFail" classname="ca.utoronto.utm.mcs.AppTest" time="0.067"/>
  <testcase name="getActorPass" classname="ca.utoronto.utm.mcs.AppTest" time="0.089"/>
  <testcase name="computeBaconNumberFail" classname="ca.utoronto.utm.mcs.AppTest" time="0.228"/>
  <testcase name="computeBaconNumberPass" classname="ca.utoronto.utm.mcs.AppTest" time="0.277"/>
  <testcase name="addMovieFail" classname="ca.utoronto.utm.mcs.AppTest" time="0.015"/>
  <testcase name="addMoviePass" classname="ca.utoronto.utm.mcs.AppTest" time="0.06"/>
  <testcase name="getMovieFail" classname="ca.utoronto.utm.mcs.AppTest" time="0.057"/>
  <testcase name="getMoviePass" classname="ca.utoronto.utm.mcs.AppTest" time="0.063"/>
</testsuite>